<?xml version="1.0" encoding="UTF-8"?>
<!-- Generated by org.testng.reporters.JUnitXMLReporter -->
<testsuite hostname="DESKTOP-U4N157I" ignored="0" name="Login" tests="2" failures="2" timestamp="2021-01-22T13:15:42 EST" time="22.753" errors="0">
  <testcase name="LogIn" time="11.055" classname="RealProject.RealP.LoginPage">
    <failure type="java.lang.AssertionError" message="Header text is matching expected [false] but found [true]">
      <![CDATA[java.lang.AssertionError: Header text is matching expected [false] but found [true]
at RealProject.RealP.LoginPage.LogIn(LoginPage.java:44)
at java.util.ArrayList.forEach(ArrayList.java:1249)
... Removed 34 stack frames]]>
    </failure>
  </testcase> <!-- LogIn -->
  <testcase name="LogIn" time="11.365" classname="RealProject.RealP.LoginPage">
    <failure type="java.lang.AssertionError" message="Header text is matching expected [false] but found [true]">
      <![CDATA[java.lang.AssertionError: Header text is matching expected [false] but found [true]
at RealProject.RealP.LoginPage.LogIn(LoginPage.java:44)
at java.util.ArrayList.forEach(ArrayList.java:1249)
... Removed 34 stack frames]]>
    </failure>
  </testcase> <!-- LogIn -->
</testsuite> <!-- Login -->
